SonarCloud plugins:
  - License for SonarLint 8.0.0.52745 (license)
  - Python Code Quality and Security 4.14.0.14263 (python)
  - Java Code Quality and Security 7.29.0.34131 (java)
  - XML Code Quality and Security 2.10.0.4108 (xml)
  - JaCoCo 1.3.0.1538 (jacoco)
  - IaC Code Quality and Security 1.26.0.8471 (iac)
  - Text Code Quality and Security 2.8.0.1635 (text)
Project server settings:
Project scanner properties:
  - sonar.host.url=https://sonarcloud.io
  - sonar.java.enablePreview=false
  - sonar.java.jdkHome=C:\Program Files\Java\jdk-17
  - sonar.java.libraries=C:\Users\user\.m2\repository\org\springframework\boot\spring-boot-starter-data-jpa\3.2.2\spring-boot-starter-data-jpa-3.2.2.jar,C:\Users\user\.m2\repository\org\springframework\boot\spring-boot-starter-aop\3.2.2\spring-boot-starter-aop-3.2.2.jar,C:\Users\user\.m2\repository\org\springframework\spring-aop\6.1.3\spring-aop-6.1.3.jar,C:\Users\user\.m2\repository\org\aspectj\aspectjweaver\1.9.21\aspectjweaver-1.9.21.jar,C:\Users\user\.m2\repository\org\hibernate\orm\hibernate-core\6.4.1.Final\hibernate-core-6.4.1.Final.jar,C:\Users\user\.m2\repository\jakarta\persistence\jakarta.persistence-api\3.1.0\jakarta.persistence-api-3.1.0.jar,C:\Users\user\.m2\repository\jakarta\transaction\jakarta.transaction-api\2.0.1\jakarta.transaction-api-2.0.1.jar,C:\Users\user\.m2\repository\org\antlr\antlr4-runtime\4.13.0\antlr4-runtime-4.13.0.jar,C:\Users\user\.m2\repository\org\springframework\data\spring-data-jpa\3.2.2\spring-data-jpa-3.2.2.jar,C:\Users\user\.m2\repository\org\springframework\data\spr...
  - sonar.java.source=17
  - sonar.java.target=17
  - sonar.java.test.libraries=C:\Users\user\.m2\repository\org\springframework\boot\spring-boot-starter-data-jpa\3.2.2\spring-boot-starter-data-jpa-3.2.2.jar,C:\Users\user\.m2\repository\org\springframework\boot\spring-boot-starter-aop\3.2.2\spring-boot-starter-aop-3.2.2.jar,C:\Users\user\.m2\repository\org\springframework\spring-aop\6.1.3\spring-aop-6.1.3.jar,C:\Users\user\.m2\repository\org\aspectj\aspectjweaver\1.9.21\aspectjweaver-1.9.21.jar,C:\Users\user\.m2\repository\org\hibernate\orm\hibernate-core\6.4.1.Final\hibernate-core-6.4.1.Final.jar,C:\Users\user\.m2\repository\jakarta\persistence\jakarta.persistence-api\3.1.0\jakarta.persistence-api-3.1.0.jar,C:\Users\user\.m2\repository\jakarta\transaction\jakarta.transaction-api\2.0.1\jakarta.transaction-api-2.0.1.jar,C:\Users\user\.m2\repository\org\jboss\logging\jboss-logging\3.5.3.Final\jboss-logging-3.5.3.Final.jar,C:\Users\user\.m2\repository\org\hibernate\common\hibernate-commons-annotations\6.0.6.Final\hibernate-commons-annotations-6.0.6.Final.jar,C:\Us...
  - sonar.libraries=C:\Users\user\.m2\repository\org\springframework\boot\spring-boot-starter-data-jpa\3.2.2\spring-boot-starter-data-jpa-3.2.2.jar,C:\Users\user\.m2\repository\org\springframework\boot\spring-boot-starter-aop\3.2.2\spring-boot-starter-aop-3.2.2.jar,C:\Users\user\.m2\repository\org\springframework\spring-aop\6.1.3\spring-aop-6.1.3.jar,C:\Users\user\.m2\repository\org\aspectj\aspectjweaver\1.9.21\aspectjweaver-1.9.21.jar,C:\Users\user\.m2\repository\org\hibernate\orm\hibernate-core\6.4.1.Final\hibernate-core-6.4.1.Final.jar,C:\Users\user\.m2\repository\jakarta\persistence\jakarta.persistence-api\3.1.0\jakarta.persistence-api-3.1.0.jar,C:\Users\user\.m2\repository\jakarta\transaction\jakarta.transaction-api\2.0.1\jakarta.transaction-api-2.0.1.jar,C:\Users\user\.m2\repository\org\antlr\antlr4-runtime\4.13.0\antlr4-runtime-4.13.0.jar,C:\Users\user\.m2\repository\org\springframework\data\spring-data-jpa\3.2.2\spring-data-jpa-3.2.2.jar,C:\Users\user\.m2\repository\org\springframework\data\spr...
  - sonar.links.ci=
  - sonar.links.homepage=https://spring.io/projects/spring-boot/v1
  - sonar.links.issue=
  - sonar.links.scm=https://github.com/spring-projects/spring-boot/v1
  - sonar.links.scm_dev=
  - sonar.moduleKey=app:v1
  - sonar.organization=dimochkindl
  - sonar.projectBaseDir=D:\Repository github\driving_school\project
  - sonar.projectBuildDir=D:\Repository github\driving_school\project\target
  - sonar.projectDescription=Demo project for Spring Boot
  - sonar.projectKey=app:v1
  - sonar.projectName=v1
  - sonar.projectVersion=0.0.1-SNAPSHOT
  - sonar.scanner.app=ScannerMaven
  - sonar.scanner.appVersion=3.10.0.2594/3.9.0
  - sonar.sourceEncoding=UTF-8
  - sonar.sources=D:\Repository github\driving_school\project\pom.xml,D:\Repository github\driving_school\project\src\main\java
  - sonar.tests=D:\Repository github\driving_school\project\src\test\java
  - sonar.working.directory=D:\Repository github\driving_school\project\target\sonar
