#
# There is insufficient memory for the Java Runtime Environment to continue.
# Native memory allocation (mmap) failed to map 364904448 bytes for G1 virtual space
# Possible reasons:
#   The system is out of physical RAM or swap space
#   The process is running with CompressedOops enabled, and the Java Heap may be blocking the growth of the native heap
# Possible solutions:
#   Reduce memory load on the system
#   Increase physical memory or swap space
#   Check if swap backing store is full
#   Decrease Java heap size (-Xmx/-Xms)
#   Decrease number of Java threads
#   Decrease Java thread stack sizes (-Xss)
#   Set larger code cache with -XX:ReservedCodeCacheSize=
#   JVM is running with Zero Based Compressed Oops mode in which the Java heap is
#     placed in the first 32GB address space. The Java Heap base address is the
#     maximum limit for the native heap growth. Please use -XX:HeapBaseMinAddress
#     to set the Java Heap base and to place the Java Heap above 32GB virtual address.
# This output file may be truncated or incomplete.
#
#  Out of Memory Error (os_windows.cpp:3469), pid=4748, tid=4188
#
# JRE version: Java(TM) SE Runtime Environment (17.0+35) (build 17+35-LTS-2724)
# Java VM: Java HotSpot(TM) 64-Bit Server VM (17+35-LTS-2724, mixed mode, sharing, tiered, compressed oops, compressed class ptrs, g1 gc, windows-amd64)
# No core dump will be written. Minidumps are not enabled by default on client versions of Windows
#

---------------  S U M M A R Y ------------

Command Line: -Dclassworlds.conf=C:\Program Files\apache-maven-3.9.0\bin\m2.conf -Dmaven.home=C:\Program Files\apache-maven-3.9.0 -Dlibrary.jansi.path=C:\Program Files\apache-maven-3.9.0\lib\jansi-native -Dmaven.multiModuleProjectDirectory=D:\Repository github\driving_school\project org.codehaus.plexus.classworlds.launcher.Launcher sonar:sonar

Host: 11th Gen Intel(R) Core(TM) i5-1135G7 @ 2.40GHz, 8 cores, 15G,  Windows 10 , 64 bit Build 22621 (10.0.22621.3085)
Time: Wed Feb 14 04:10:52 2024  Windows 10 , 64 bit Build 22621 (10.0.22621.3085) elapsed time: 41.229317 seconds (0d 0h 0m 41s)

---------------  T H R E A D  ---------------

Current thread (0x000001b52a982210):  VMThread "VM Thread" [stack: 0x0000003ce2200000,0x0000003ce2300000] [id=4188]

Stack: [0x0000003ce2200000,0x0000003ce2300000]
Native frames: (J=compiled Java code, j=interpreted, Vv=VM code, C=native code)
V  [jvm.dll+0x66f8ea]
V  [jvm.dll+0x7ce224]
V  [jvm.dll+0x7cf9ce]
V  [jvm.dll+0x7d0033]
V  [jvm.dll+0x242bb5]
V  [jvm.dll+0x66c909]
V  [jvm.dll+0x6613d2]
V  [jvm.dll+0x30082b]
V  [jvm.dll+0x307db6]
V  [jvm.dll+0x357a0e]
V  [jvm.dll+0x357c3f]
V  [jvm.dll+0x2d7ae8]
V  [jvm.dll+0x2d5db4]
V  [jvm.dll+0x2d53bc]
V  [jvm.dll+0x318d1b]
V  [jvm.dll+0x7d44cb]
V  [jvm.dll+0x7d5204]
V  [jvm.dll+0x7d571c]
V  [jvm.dll+0x7d5af4]
V  [jvm.dll+0x7d5bc0]
V  [jvm.dll+0x77e7ea]
V  [jvm.dll+0x66e715]
C  [ucrtbase.dll+0x29363]
C  [KERNEL32.DLL+0x1257d]
C  [ntdll.dll+0x5aa58]

VM_Operation (0x0000003ce1cfc0e0): G1CollectForAllocation, mode: safepoint, requested by thread 0x000001b505deabe0


---------------  P R O C E S S  ---------------

Threads class SMR info:
_java_thread_list=0x000001b53162af50, length=37, elements={
0x000001b505deabe0, 0x000001b52a98a0d0, 0x000001b52a98ac80, 0x000001b52a99e740,
0x000001b52b403490, 0x000001b52b405d60, 0x000001b52b406710, 0x000001b52b4073f0,
0x000001b52b407e90, 0x000001b52b40aaa0, 0x000001b52b57ba60, 0x000001b52b580bf0,
0x000001b52c7cba50, 0x000001b52c7cb580, 0x000001b52c7cb0b0, 0x000001b52c7cc3f0,
0x000001b52c7c9d70, 0x000001b52c7c8f00, 0x000001b52c7c93d0, 0x000001b52c7c98a0,
0x000001b52c7ca710, 0x000001b52c7cabe0, 0x000001b52c7ca240, 0x000001b52dc12960,
0x000001b52dc0d790, 0x000001b52dc137d0, 0x000001b52dc11620, 0x000001b52dc102e0,
0x000001b52dc0e600, 0x000001b52dc11af0, 0x000001b52dc107b0, 0x000001b52dc13ca0,
0x000001b52dc0c450, 0x000001b52dc0e130, 0x000001b52dc0efa0, 0x000001b52dc10c80,
0x000001b52dc0cdf0
}

Java Threads: ( => current thread )
  0x000001b505deabe0 JavaThread "main" [_thread_blocked, id=5520, stack(0x0000003ce1c00000,0x0000003ce1d00000)]
  0x000001b52a98a0d0 JavaThread "Reference Handler" daemon [_thread_blocked, id=18280, stack(0x0000003ce2300000,0x0000003ce2400000)]
  0x000001b52a98ac80 JavaThread "Finalizer" daemon [_thread_blocked, id=17220, stack(0x0000003ce2400000,0x0000003ce2500000)]
  0x000001b52a99e740 JavaThread "Signal Dispatcher" daemon [_thread_blocked, id=16268, stack(0x0000003ce2500000,0x0000003ce2600000)]
  0x000001b52b403490 JavaThread "Attach Listener" daemon [_thread_blocked, id=26072, stack(0x0000003ce2600000,0x0000003ce2700000)]
  0x000001b52b405d60 JavaThread "Service Thread" daemon [_thread_blocked, id=24128, stack(0x0000003ce2700000,0x0000003ce2800000)]
  0x000001b52b406710 JavaThread "Monitor Deflation Thread" daemon [_thread_blocked, id=24044, stack(0x0000003ce2800000,0x0000003ce2900000)]
  0x000001b52b4073f0 JavaThread "C2 CompilerThread0" daemon [_thread_blocked, id=15556, stack(0x0000003ce2900000,0x0000003ce2a00000)]
  0x000001b52b407e90 JavaThread "C1 CompilerThread0" daemon [_thread_blocked, id=24156, stack(0x0000003ce2a00000,0x0000003ce2b00000)]
  0x000001b52b40aaa0 JavaThread "Sweeper thread" daemon [_thread_blocked, id=8744, stack(0x0000003ce2b00000,0x0000003ce2c00000)]
  0x000001b52b57ba60 JavaThread "Notification Thread" daemon [_thread_blocked, id=2380, stack(0x0000003ce2c00000,0x0000003ce2d00000)]
  0x000001b52b580bf0 JavaThread "Common-Cleaner" daemon [_thread_blocked, id=25064, stack(0x0000003ce2e00000,0x0000003ce2f00000)]
  0x000001b52c7cba50 JavaThread "OkHttp sonarcloud.io" [_thread_in_native, id=11620, stack(0x0000003ce3a00000,0x0000003ce3b00000)]
  0x000001b52c7cb580 JavaThread "OkHttp ConnectionPool" daemon [_thread_blocked, id=10608, stack(0x0000003ce3b00000,0x0000003ce3c00000)]
  0x000001b52c7cb0b0 JavaThread "Okio Watchdog" daemon [_thread_blocked, id=7820, stack(0x0000003ce3c00000,0x0000003ce3d00000)]
  0x000001b52c7cc3f0 JavaThread "OkHttp sonarcloud.io Writer" [_thread_blocked, id=27100, stack(0x0000003ce3d00000,0x0000003ce3e00000)]
  0x000001b52c7c9d70 JavaThread "OkHttp Http2Connection" daemon [_thread_blocked, id=15532, stack(0x0000003ce3e00000,0x0000003ce3f00000)]
  0x000001b52c7c8f00 JavaThread "OkHttp sonarcloud.io" daemon [_thread_in_native, id=4000, stack(0x0000003ce4000000,0x0000003ce4100000)]
  0x000001b52c7c93d0 JavaThread "OkHttp sonarcloud.io" daemon [_thread_in_native, id=19640, stack(0x0000003ce4100000,0x0000003ce4200000)]
  0x000001b52c7c98a0 JavaThread "OkHttp sonarcloud.io" daemon [_thread_in_native, id=24984, stack(0x0000003ce4200000,0x0000003ce4300000)]
  0x000001b52c7ca710 JavaThread "Okio Watchdog" daemon [_thread_blocked, id=21348, stack(0x0000003ce4300000,0x0000003ce4400000)]
  0x000001b52c7cabe0 JavaThread "OkHttp scanner.sonarcloud.io" daemon [_thread_in_native, id=8444, stack(0x0000003ce4400000,0x0000003ce4500000)]
  0x000001b52c7ca240 JavaThread "OkHttp sonarcloud.io" daemon [_thread_in_native, id=4108, stack(0x0000003ce4500000,0x0000003ce4600000)]
  0x000001b52dc12960 JavaThread "OkHttp sonarcloud.io" daemon [_thread_in_native, id=11092, stack(0x0000003ce4600000,0x0000003ce4700000)]
  0x000001b52dc0d790 JavaThread "OkHttp sonarcloud.io" daemon [_thread_in_native, id=21996, stack(0x0000003ce3900000,0x0000003ce3a00000)]
  0x000001b52dc137d0 JavaThread "OkHttp sonarcloud.io" daemon [_thread_in_native, id=19048, stack(0x0000003ce4700000,0x0000003ce4800000)]
  0x000001b52dc11620 JavaThread "OkHttp sonarcloud.io" daemon [_thread_in_native, id=18708, stack(0x0000003ce4800000,0x0000003ce4900000)]
  0x000001b52dc102e0 JavaThread "OkHttp sonarcloud.io" daemon [_thread_in_native, id=23672, stack(0x0000003ce3f00000,0x0000003ce4000000)]
  0x000001b52dc0e600 JavaThread "OkHttp TaskRunner" daemon [_thread_blocked, id=6508, stack(0x0000003ce4900000,0x0000003ce4a00000)]
  0x000001b52dc11af0 JavaThread "OkHttp TaskRunner" daemon [_thread_blocked, id=14976, stack(0x0000003ce4a00000,0x0000003ce4b00000)]
  0x000001b52dc107b0 JavaThread "OkHttp sonarcloud.io" daemon [_thread_in_native, id=24540, stack(0x0000003ce4b00000,0x0000003ce4c00000)]
  0x000001b52dc13ca0 JavaThread "OkHttp sonarcloud.io" daemon [_thread_in_native, id=15172, stack(0x0000003ce4c00000,0x0000003ce4d00000)]
  0x000001b52dc0c450 JavaThread "OkHttp sonarcloud.io" daemon [_thread_in_native, id=26560, stack(0x0000003ce4f00000,0x0000003ce5000000)]
  0x000001b52dc0e130 JavaThread "JGit-WorkQueue" daemon [_thread_blocked, id=4648, stack(0x0000003ce5000000,0x0000003ce5100000)]
  0x000001b52dc0efa0 JavaThread "OkHttp TaskRunner" daemon [_thread_blocked, id=25360, stack(0x0000003ce4d00000,0x0000003ce4e00000)]
  0x000001b52dc10c80 JavaThread "OkHttp ea6ne4j2sb.execute-api.eu-central-1.amazonaws.com" daemon [_thread_in_native, id=5416, stack(0x0000003ce4e00000,0x0000003ce4f00000)]
  0x000001b52dc0cdf0 JavaThread "pool-7-thread-1" [_thread_blocked, id=8676, stack(0x0000003ce5600000,0x0000003ce5700000)]

Other Threads:
=>0x000001b52a982210 VMThread "VM Thread" [stack: 0x0000003ce2200000,0x0000003ce2300000] [id=4188]
  0x000001b52b57d370 WatcherThread [stack: 0x0000003ce2d00000,0x0000003ce2e00000] [id=19064]
  0x000001b505e3d490 GCTaskThread "GC Thread#0" [stack: 0x0000003ce1d00000,0x0000003ce1e00000] [id=2612]
  0x000001b52bdb1780 GCTaskThread "GC Thread#1" [stack: 0x0000003ce3100000,0x0000003ce3200000] [id=27316]
  0x000001b52bdaeef0 GCTaskThread "GC Thread#2" [stack: 0x0000003ce3200000,0x0000003ce3300000] [id=2204]
  0x000001b52beed670 GCTaskThread "GC Thread#3" [stack: 0x0000003ce3300000,0x0000003ce3400000] [id=3348]
  0x000001b52be1a800 GCTaskThread "GC Thread#4" [stack: 0x0000003ce3400000,0x0000003ce3500000] [id=13560]
  0x000001b52bfcde90 GCTaskThread "GC Thread#5" [stack: 0x0000003ce3500000,0x0000003ce3600000] [id=14272]
  0x000001b52c073450 GCTaskThread "GC Thread#6" [stack: 0x0000003ce3600000,0x0000003ce3700000] [id=27196]
  0x000001b52c621af0 GCTaskThread "GC Thread#7" [stack: 0x0000003ce3700000,0x0000003ce3800000] [id=5732]
  0x000001b505e4e020 ConcurrentGCThread "G1 Main Marker" [stack: 0x0000003ce1e00000,0x0000003ce1f00000] [id=21684]
  0x000001b505e4fb10 ConcurrentGCThread "G1 Conc#0" [stack: 0x0000003ce1f00000,0x0000003ce2000000] [id=19828]
  0x000001b52c622300 ConcurrentGCThread "G1 Conc#1" [stack: 0x0000003ce3000000,0x0000003ce3100000] [id=23492]
  0x000001b505eae000 ConcurrentGCThread "G1 Refine#0" [stack: 0x0000003ce2000000,0x0000003ce2100000] [id=16432]
  0x000001b52c791360 ConcurrentGCThread "G1 Refine#1" [stack: 0x0000003ce2f00000,0x0000003ce3000000] [id=20196]
  0x000001b52bfa1b90 ConcurrentGCThread "G1 Refine#2" [stack: 0x0000003ce5500000,0x0000003ce5600000] [id=8924]
  0x000001b52bfa0a50 ConcurrentGCThread "G1 Refine#3" [stack: 0x0000003ce5700000,0x0000003ce5800000] [id=3684]
  0x000001b505eaea20 ConcurrentGCThread "G1 Service" [stack: 0x0000003ce2100000,0x0000003ce2200000] [id=18356]

Threads with active compile tasks:

VM state: at safepoint (normal execution)

VM Mutex/Monitor currently owned by a thread:  ([mutex/lock_event])
[0x000001b505de5aa0] Threads_lock - owner thread: 0x000001b52a982210
[0x000001b505de68b0] Heap_lock - owner thread: 0x000001b505deabe0

Heap address: 0x0000000703a00000, size: 4038 MB, Compressed Oops mode: Zero based, Oop shift amount: 3

CDS archive(s) mapped at: [0x0000000800000000-0x0000000800bc0000-0x0000000800bc0000), size 12320768, SharedBaseAddress: 0x0000000800000000, ArchiveRelocationMode: 0.
Compressed class space mapped at: 0x0000000800c00000-0x0000000840c00000, reserved size: 1073741824
Narrow klass base: 0x0000000800000000, Narrow klass shift: 0, Narrow klass range: 0x100000000

GC Precious Log:
 CPUs: 8 total, 8 available
 Memory: 16149M
 Large Page Support: Disabled
 NUMA Support: Disabled
 Compressed Oops: Enabled (Zero based)
 Heap Region Size: 2M
 Heap Min Capacity: 8M
 Heap Initial Capacity: 254M
 Heap Max Capacity: 4038M
 Pre-touch: Disabled
 Parallel Workers: 8
 Concurrent Workers: 2
 Concurrent Refinement Workers: 8
 Periodic GC: Disabled

Heap:
 garbage-first heap   total 356352K, used 124573K [0x0000000703a00000, 0x0000000800000000)
  region size 2048K, 1 young (2048K), 1 survivors (2048K)
 Metaspace       used 93878K, committed 94528K, reserved 1138688K
  class space    used 10848K, committed 11136K, reserved 1048576K

Heap Regions: E=young(eden), S=young(survivor), O=old, HS=humongous(starts), HC=humongous(continues), CS=collection set, F=free, OA=open archive, CA=closed archive, TAMS=top-at-mark-start (previous, next)
|   0|0x0000000703a00000, 0x0000000703c00000, 0x0000000703c00000|100%| O|  |TAMS 0x0000000703c00000, 0x0000000703c00000| Untracked 
|   1|0x0000000703c00000, 0x0000000703e00000, 0x0000000703e00000|100%| O|  |TAMS 0x0000000703e00000, 0x0000000703e00000| Untracked 
|   2|0x0000000703e00000, 0x0000000704000000, 0x0000000704000000|100%| O|  |TAMS 0x0000000704000000, 0x0000000704000000| Untracked 
|   3|0x0000000704000000, 0x0000000704200000, 0x0000000704200000|100%| O|  |TAMS 0x0000000704200000, 0x0000000704200000| Untracked 
|   4|0x0000000704200000, 0x0000000704400000, 0x0000000704400000|100%| O|  |TAMS 0x0000000704400000, 0x0000000704400000| Untracked 
|   5|0x0000000704400000, 0x0000000704600000, 0x0000000704600000|100%| O|  |TAMS 0x0000000704600000, 0x0000000704600000| Untracked 
|   6|0x0000000704600000, 0x0000000704800000, 0x0000000704800000|100%| O|  |TAMS 0x0000000704800000, 0x0000000704800000| Untracked 
|   7|0x0000000704800000, 0x0000000704a00000, 0x0000000704a00000|100%| O|  |TAMS 0x0000000704a00000, 0x0000000704a00000| Untracked 
|   8|0x0000000704a00000, 0x0000000704c00000, 0x0000000704c00000|100%| O|  |TAMS 0x0000000704c00000, 0x0000000704c00000| Untracked 
|   9|0x0000000704c00000, 0x0000000704e00000, 0x0000000704e00000|100%| O|  |TAMS 0x0000000704e00000, 0x0000000704e00000| Untracked 
|  10|0x0000000704e00000, 0x0000000705000000, 0x0000000705000000|100%| O|  |TAMS 0x0000000705000000, 0x0000000705000000| Untracked 
|  11|0x0000000705000000, 0x0000000705200000, 0x0000000705200000|100%| O|  |TAMS 0x0000000705200000, 0x0000000705200000| Untracked 
|  12|0x0000000705200000, 0x0000000705356400, 0x0000000705400000| 66%| O|  |TAMS 0x0000000705356400, 0x0000000705356400| Untracked 
|  13|0x0000000705400000, 0x0000000705600000, 0x0000000705600000|100%| O|  |TAMS 0x0000000705600000, 0x0000000705600000| Untracked 
|  14|0x0000000705600000, 0x0000000705800000, 0x0000000705800000|100%| O|  |TAMS 0x0000000705600000, 0x0000000705800000| Untracked 
|  15|0x0000000705800000, 0x0000000705a00000, 0x0000000705a00000|100%| O|  |TAMS 0x0000000705a00000, 0x0000000705a00000| Untracked 
|  16|0x0000000705a00000, 0x0000000705c00000, 0x0000000705c00000|100%| O|  |TAMS 0x0000000705a00000, 0x0000000705c00000| Untracked 
|  17|0x0000000705c00000, 0x0000000705e00000, 0x0000000705e00000|100%| O|  |TAMS 0x0000000705e00000, 0x0000000705e00000| Untracked 
|  18|0x0000000705e00000, 0x0000000706000000, 0x0000000706000000|100%|HS|  |TAMS 0x0000000706000000, 0x0000000706000000| Complete 
|  19|0x0000000706000000, 0x0000000706200000, 0x0000000706200000|100%|HC|  |TAMS 0x0000000706200000, 0x0000000706200000| Complete 
|  20|0x0000000706200000, 0x0000000706400000, 0x0000000706400000|100%| O|  |TAMS 0x0000000706400000, 0x0000000706400000| Untracked 
|  21|0x0000000706400000, 0x0000000706600000, 0x0000000706600000|100%| O|  |TAMS 0x0000000706600000, 0x0000000706600000| Untracked 
|  22|0x0000000706600000, 0x0000000706800000, 0x0000000706800000|100%| O|  |TAMS 0x0000000706800000, 0x0000000706800000| Untracked 
|  23|0x0000000706800000, 0x0000000706a00000, 0x0000000706a00000|100%| O|  |TAMS 0x0000000706a00000, 0x0000000706a00000| Untracked 
|  24|0x0000000706a00000, 0x0000000706c00000, 0x0000000706c00000|100%| O|  |TAMS 0x0000000706c00000, 0x0000000706c00000| Untracked 
|  25|0x0000000706c00000, 0x0000000706e00000, 0x0000000706e00000|100%| O|  |TAMS 0x0000000706e00000, 0x0000000706e00000| Untracked 
|  26|0x0000000706e00000, 0x0000000707000000, 0x0000000707000000|100%| O|  |TAMS 0x0000000707000000, 0x0000000707000000| Untracked 
|  27|0x0000000707000000, 0x0000000707200000, 0x0000000707200000|100%| O|  |TAMS 0x0000000707200000, 0x0000000707200000| Untracked 
|  28|0x0000000707200000, 0x0000000707400000, 0x0000000707400000|100%| O|  |TAMS 0x0000000707400000, 0x0000000707400000| Untracked 
|  29|0x0000000707400000, 0x0000000707600000, 0x0000000707600000|100%| O|  |TAMS 0x0000000707600000, 0x0000000707600000| Untracked 
|  30|0x0000000707600000, 0x0000000707800000, 0x0000000707800000|100%| O|  |TAMS 0x0000000707800000, 0x0000000707800000| Untracked 
|  31|0x0000000707800000, 0x0000000707a00000, 0x0000000707a00000|100%| O|  |TAMS 0x0000000707800000, 0x0000000707a00000| Untracked 
|  32|0x0000000707a00000, 0x0000000707c00000, 0x0000000707c00000|100%| O|  |TAMS 0x0000000707a00000, 0x0000000707c00000| Untracked 
|  33|0x0000000707c00000, 0x0000000707e00000, 0x0000000707e00000|100%| O|  |TAMS 0x0000000707e00000, 0x0000000707e00000| Untracked 
|  34|0x0000000707e00000, 0x0000000708000000, 0x0000000708000000|100%| O|  |TAMS 0x0000000708000000, 0x0000000708000000| Untracked 
|  35|0x0000000708000000, 0x0000000708200000, 0x0000000708200000|100%| O|  |TAMS 0x0000000708200000, 0x0000000708200000| Untracked 
|  36|0x0000000708200000, 0x0000000708400000, 0x0000000708400000|100%| O|  |TAMS 0x0000000708400000, 0x0000000708400000| Untracked 
|  37|0x0000000708400000, 0x0000000708600000, 0x0000000708600000|100%| O|  |TAMS 0x0000000708400000, 0x0000000708600000| Untracked 
|  38|0x0000000708600000, 0x0000000708800000, 0x0000000708800000|100%| O|  |TAMS 0x0000000708600000, 0x0000000708800000| Untracked 
|  39|0x0000000708800000, 0x0000000708a00000, 0x0000000708a00000|100%| O|  |TAMS 0x0000000708800000, 0x0000000708a00000| Untracked 
|  40|0x0000000708a00000, 0x0000000708c00000, 0x0000000708c00000|100%| O|  |TAMS 0x0000000708a00000, 0x0000000708c00000| Untracked 
|  41|0x0000000708c00000, 0x0000000708e00000, 0x0000000708e00000|100%| O|  |TAMS 0x0000000708c00000, 0x0000000708e00000| Untracked 
|  42|0x0000000708e00000, 0x0000000709000000, 0x0000000709000000|100%| O|  |TAMS 0x0000000708e00000, 0x0000000709000000| Untracked 
|  43|0x0000000709000000, 0x0000000709200000, 0x0000000709200000|100%| O|  |TAMS 0x0000000709000000, 0x0000000709200000| Untracked 
|  44|0x0000000709200000, 0x0000000709400000, 0x0000000709400000|100%| O|  |TAMS 0x0000000709200000, 0x0000000709400000| Untracked 
|  45|0x0000000709400000, 0x0000000709600000, 0x0000000709600000|100%| O|  |TAMS 0x0000000709400000, 0x0000000709600000| Untracked 
|  46|0x0000000709600000, 0x0000000709800000, 0x0000000709800000|100%| O|  |TAMS 0x0000000709600000, 0x0000000709800000| Untracked 
|  47|0x0000000709800000, 0x0000000709a00000, 0x0000000709a00000|100%| O|  |TAMS 0x0000000709800000, 0x0000000709a00000| Untracked 
|  48|0x0000000709a00000, 0x0000000709c00000, 0x0000000709c00000|100%| O|  |TAMS 0x0000000709a00000, 0x0000000709c00000| Untracked 
|  49|0x0000000709c00000, 0x0000000709c2e000, 0x0000000709e00000|  8%| O|  |TAMS 0x0000000709c00000, 0x0000000709c2e000| Untracked 
|  50|0x0000000709e00000, 0x0000000709e00000, 0x000000070a000000|  0%| F|  |TAMS 0x0000000709e00000, 0x0000000709e00000| Untracked 
|  51|0x000000070a000000, 0x000000070a000000, 0x000000070a200000|  0%| F|  |TAMS 0x000000070a000000, 0x000000070a000000| Untracked 
|  52|0x000000070a200000, 0x000000070a200000, 0x000000070a400000|  0%| F|  |TAMS 0x000000070a200000, 0x000000070a200000| Untracked 
|  53|0x000000070a400000, 0x000000070a400000, 0x000000070a600000|  0%| F|  |TAMS 0x000000070a400000, 0x000000070a400000| Untracked 
|  54|0x000000070a600000, 0x000000070a600000, 0x000000070a800000|  0%| F|  |TAMS 0x000000070a600000, 0x000000070a600000| Untracked 
|  55|0x000000070a800000, 0x000000070a800000, 0x000000070aa00000|  0%| F|  |TAMS 0x000000070a800000, 0x000000070a800000| Untracked 
|  56|0x000000070aa00000, 0x000000070aa00000, 0x000000070ac00000|  0%| F|  |TAMS 0x000000070aa00000, 0x000000070aa00000| Untracked 
|  57|0x000000070ac00000, 0x000000070ac00000, 0x000000070ae00000|  0%| F|  |TAMS 0x000000070ac00000, 0x000000070ac00000| Untracked 
|  58|0x000000070ae00000, 0x000000070ae00000, 0x000000070b000000|  0%| F|  |TAMS 0x000000070ae00000, 0x000000070ae00000| Untracked 
|  59|0x000000070b000000, 0x000000070b000000, 0x000000070b200000|  0%| F|  |TAMS 0x000000070b000000, 0x000000070b000000| Untracked 
|  60|0x000000070b200000, 0x000000070b200000, 0x000000070b400000|  0%| F|  |TAMS 0x000000070b200000, 0x000000070b200000| Untracked 
|  61|0x000000070b400000, 0x000000070b400000, 0x000000070b600000|  0%| F|  |TAMS 0x000000070b400000, 0x000000070b400000| Untracked 
|  62|0x000000070b600000, 0x000000070b600000, 0x000000070b800000|  0%| F|  |TAMS 0x000000070b600000, 0x000000070b600000| Untracked 
|  63|0x000000070b800000, 0x000000070ba00000, 0x000000070ba00000|100%| O|  |TAMS 0x000000070b800000, 0x000000070ba00000| Untracked 
|  64|0x000000070ba00000, 0x000000070bc00000, 0x000000070bc00000|100%| O|  |TAMS 0x000000070ba00000, 0x000000070bc00000| Untracked 
|  65|0x000000070bc00000, 0x000000070be00000, 0x000000070be00000|100%| O|  |TAMS 0x000000070bc00000, 0x000000070be00000| Untracked 
|  66|0x000000070be00000, 0x000000070c000000, 0x000000070c000000|100%| O|  |TAMS 0x000000070be00000, 0x000000070c000000| Untracked 
|  67|0x000000070c000000, 0x000000070c200000, 0x000000070c200000|100%| O|  |TAMS 0x000000070c000000, 0x000000070c200000| Untracked 
|  68|0x000000070c200000, 0x000000070c400000, 0x000000070c400000|100%| O|  |TAMS 0x000000070c200000, 0x000000070c400000| Untracked 
|  69|0x000000070c400000, 0x000000070c400000, 0x000000070c600000|  0%| F|  |TAMS 0x000000070c400000, 0x000000070c400000| Untracked 
|  70|0x000000070c600000, 0x000000070c600000, 0x000000070c800000|  0%| F|  |TAMS 0x000000070c600000, 0x000000070c600000| Untracked 
|  71|0x000000070c800000, 0x000000070c800000, 0x000000070ca00000|  0%| F|  |TAMS 0x000000070c800000, 0x000000070c800000| Untracked 
|  72|0x000000070ca00000, 0x000000070ca00000, 0x000000070cc00000|  0%| F|  |TAMS 0x000000070ca00000, 0x000000070ca00000| Untracked 
|  73|0x000000070cc00000, 0x000000070cc00000, 0x000000070ce00000|  0%| F|  |TAMS 0x000000070cc00000, 0x000000070cc00000| Untracked 
|  74|0x000000070ce00000, 0x000000070ce00000, 0x000000070d000000|  0%| F|  |TAMS 0x000000070ce00000, 0x000000070ce00000| Untracked 
|  75|0x000000070d000000, 0x000000070d000000, 0x000000070d200000|  0%| F|  |TAMS 0x000000070d000000, 0x000000070d000000| Untracked 
|  76|0x000000070d200000, 0x000000070d200000, 0x000000070d400000|  0%| F|  |TAMS 0x000000070d200000, 0x000000070d200000| Untracked 
|  77|0x000000070d400000, 0x000000070d400000, 0x000000070d600000|  0%| F|  |TAMS 0x000000070d400000, 0x000000070d400000| Untracked 
|  78|0x000000070d600000, 0x000000070d600000, 0x000000070d800000|  0%| F|  |TAMS 0x000000070d600000, 0x000000070d600000| Untracked 
|  79|0x000000070d800000, 0x000000070d800000, 0x000000070da00000|  0%| F|  |TAMS 0x000000070d800000, 0x000000070d800000| Untracked 
|  80|0x000000070da00000, 0x000000070da00000, 0x000000070dc00000|  0%| F|  |TAMS 0x000000070da00000, 0x000000070da00000| Untracked 
|  81|0x000000070dc00000, 0x000000070dc00000, 0x000000070de00000|  0%| F|  |TAMS 0x000000070dc00000, 0x000000070dc00000| Untracked 
|  82|0x000000070de00000, 0x000000070de00000, 0x000000070e000000|  0%| F|  |TAMS 0x000000070de00000, 0x000000070de00000| Untracked 
|  83|0x000000070e000000, 0x000000070e000000, 0x000000070e200000|  0%| F|  |TAMS 0x000000070e000000, 0x000000070e000000| Untracked 
|  84|0x000000070e200000, 0x000000070e200000, 0x000000070e400000|  0%| F|  |TAMS 0x000000070e200000, 0x000000070e200000| Untracked 
|  85|0x000000070e400000, 0x000000070e400000, 0x000000070e600000|  0%| F|  |TAMS 0x000000070e400000, 0x000000070e400000| Untracked 
|  86|0x000000070e600000, 0x000000070e600000, 0x000000070e800000|  0%| F|  |TAMS 0x000000070e600000, 0x000000070e600000| Untracked 
|  87|0x000000070e800000, 0x000000070e800000, 0x000000070ea00000|  0%| F|  |TAMS 0x000000070e800000, 0x000000070e800000| Untracked 
|  88|0x000000070ea00000, 0x000000070ea00000, 0x000000070ec00000|  0%| F|  |TAMS 0x000000070ea00000, 0x000000070ea00000| Untracked 
|  89|0x000000070ec00000, 0x000000070ec00000, 0x000000070ee00000|  0%| F|  |TAMS 0x000000070ec00000, 0x000000070ec00000| Untracked 
|  90|0x000000070ee00000, 0x000000070ee00000, 0x000000070f000000|  0%| F|  |TAMS 0x000000070ee00000, 0x000000070ee00000| Untracked 
|  91|0x000000070f000000, 0x000000070f000000, 0x000000070f200000|  0%| F|  |TAMS 0x000000070f000000, 0x000000070f000000| Untracked 
|  92|0x000000070f200000, 0x000000070f200000, 0x000000070f400000|  0%| F|  |TAMS 0x000000070f200000, 0x000000070f200000| Untracked 
|  93|0x000000070f400000, 0x000000070f400000, 0x000000070f600000|  0%| F|  |TAMS 0x000000070f400000, 0x000000070f400000| Untracked 
|  94|0x000000070f600000, 0x000000070f600000, 0x000000070f800000|  0%| F|  |TAMS 0x000000070f600000, 0x000000070f600000| Untracked 
|  95|0x000000070f800000, 0x000000070f800000, 0x000000070fa00000|  0%| F|  |TAMS 0x000000070f800000, 0x000000070f800000| Untracked 
|  96|0x000000070fa00000, 0x000000070fa00000, 0x000000070fc00000|  0%| F|  |TAMS 0x000000070fa00000, 0x000000070fa00000| Untracked 
|  97|0x000000070fc00000, 0x000000070fc23348, 0x000000070fe00000|  6%| S|CS|TAMS 0x000000070fc00000, 0x000000070fc00000| Complete 
|  98|0x000000070fe00000, 0x0000000710000000, 0x0000000710000000|100%| O|  |TAMS 0x000000070fe00000, 0x0000000710000000| Untracked 
|  99|0x0000000710000000, 0x0000000710200000, 0x0000000710200000|100%| O|  |TAMS 0x0000000710000000, 0x0000000710200000| Untracked 
| 100|0x0000000710200000, 0x0000000710400000, 0x0000000710400000|100%| O|  |TAMS 0x0000000710200000, 0x0000000710400000| Untracked 
| 101|0x0000000710400000, 0x0000000710600000, 0x0000000710600000|100%| O|  |TAMS 0x0000000710400000, 0x0000000710600000| Untracked 
| 102|0x0000000710600000, 0x0000000710600000, 0x0000000710800000|  0%| F|  |TAMS 0x0000000710600000, 0x0000000710600000| Untracked 
| 103|0x0000000710800000, 0x0000000710800000, 0x0000000710a00000|  0%| F|  |TAMS 0x0000000710800000, 0x0000000710800000| Untracked 
| 104|0x0000000710a00000, 0x0000000710a00000, 0x0000000710c00000|  0%| F|  |TAMS 0x0000000710a00000, 0x0000000710a00000| Untracked 
| 105|0x0000000710c00000, 0x0000000710c00000, 0x0000000710e00000|  0%| F|  |TAMS 0x0000000710c00000, 0x0000000710c00000| Untracked 
| 106|0x0000000710e00000, 0x0000000710e00000, 0x0000000711000000|  0%| F|  |TAMS 0x0000000710e00000, 0x0000000710e00000| Untracked 
| 107|0x0000000711000000, 0x0000000711000000, 0x0000000711200000|  0%| F|  |TAMS 0x0000000711000000, 0x0000000711000000| Untracked 
| 108|0x0000000711200000, 0x0000000711200000, 0x0000000711400000|  0%| F|  |TAMS 0x0000000711200000, 0x0000000711200000| Untracked 
| 109|0x0000000711400000, 0x0000000711400000, 0x0000000711600000|  0%| F|  |TAMS 0x0000000711400000, 0x0000000711400000| Untracked 
| 110|0x0000000711600000, 0x0000000711600000, 0x0000000711800000|  0%| F|  |TAMS 0x0000000711600000, 0x0000000711600000| Untracked 
| 111|0x0000000711800000, 0x0000000711800000, 0x0000000711a00000|  0%| F|  |TAMS 0x0000000711800000, 0x0000000711800000| Untracked 
| 112|0x0000000711a00000, 0x0000000711a00000, 0x0000000711c00000|  0%| F|  |TAMS 0x0000000711a00000, 0x0000000711a00000| Untracked 
| 113|0x0000000711c00000, 0x0000000711c00000, 0x0000000711e00000|  0%| F|  |TAMS 0x0000000711c00000, 0x0000000711c00000| Untracked 
| 114|0x0000000711e00000, 0x0000000711e00000, 0x0000000712000000|  0%| F|  |TAMS 0x0000000711e00000, 0x0000000711e00000| Untracked 
| 115|0x0000000712000000, 0x0000000712000000, 0x0000000712200000|  0%| F|  |TAMS 0x0000000712000000, 0x0000000712000000| Untracked 
| 116|0x0000000712200000, 0x0000000712200000, 0x0000000712400000|  0%| F|  |TAMS 0x0000000712200000, 0x0000000712200000| Untracked 
| 117|0x0000000712400000, 0x0000000712400000, 0x0000000712600000|  0%| F|  |TAMS 0x0000000712400000, 0x0000000712400000| Untracked 
| 118|0x0000000712600000, 0x0000000712600000, 0x0000000712800000|  0%| F|  |TAMS 0x0000000712600000, 0x0000000712600000| Untracked 
| 119|0x0000000712800000, 0x0000000712800000, 0x0000000712a00000|  0%| F|  |TAMS 0x0000000712800000, 0x0000000712800000| Untracked 
| 120|0x0000000712a00000, 0x0000000712a00000, 0x0000000712c00000|  0%| F|  |TAMS 0x0000000712a00000, 0x0000000712a00000| Untracked 
| 121|0x0000000712c00000, 0x0000000712c00000, 0x0000000712e00000|  0%| F|  |TAMS 0x0000000712c00000, 0x0000000712c00000| Untracked 
| 122|0x0000000712e00000, 0x0000000712e00000, 0x0000000713000000|  0%| F|  |TAMS 0x0000000712e00000, 0x0000000712e00000| Untracked 
| 123|0x0000000713000000, 0x0000000713000000, 0x0000000713200000|  0%| F|  |TAMS 0x0000000713000000, 0x0000000713000000| Untracked 
| 124|0x0000000713200000, 0x0000000713200000, 0x0000000713400000|  0%| F|  |TAMS 0x0000000713200000, 0x0000000713200000| Untracked 
| 125|0x0000000713400000, 0x0000000713400000, 0x0000000713600000|  0%| F|  |TAMS 0x0000000713400000, 0x0000000713400000| Untracked 
| 126|0x0000000713600000, 0x0000000713600000, 0x0000000713800000|  0%| F|  |TAMS 0x0000000713600000, 0x0000000713600000| Untracked 
| 127|0x0000000713800000, 0x0000000713800000, 0x0000000713a00000|  0%| F|  |TAMS 0x0000000713800000, 0x0000000713800000| Untracked 
| 128|0x0000000713a00000, 0x0000000713a00000, 0x0000000713c00000|  0%| F|  |TAMS 0x0000000713a00000, 0x0000000713a00000| Untracked 
| 129|0x0000000713c00000, 0x0000000713c00000, 0x0000000713e00000|  0%| F|  |TAMS 0x0000000713c00000, 0x0000000713c00000| Untracked 
| 130|0x0000000713e00000, 0x0000000713e00000, 0x0000000714000000|  0%| F|  |TAMS 0x0000000713e00000, 0x0000000713e00000| Untracked 
| 131|0x0000000714000000, 0x0000000714000000, 0x0000000714200000|  0%| F|  |TAMS 0x0000000714000000, 0x0000000714000000| Untracked 
| 132|0x0000000714200000, 0x0000000714200000, 0x0000000714400000|  0%| F|  |TAMS 0x0000000714200000, 0x0000000714200000| Untracked 
| 133|0x0000000714400000, 0x0000000714400000, 0x0000000714600000|  0%| F|  |TAMS 0x0000000714400000, 0x0000000714400000| Untracked 
| 134|0x0000000714600000, 0x0000000714600000, 0x0000000714800000|  0%| F|  |TAMS 0x0000000714600000, 0x0000000714600000| Untracked 
| 135|0x0000000714800000, 0x0000000714800000, 0x0000000714a00000|  0%| F|  |TAMS 0x0000000714800000, 0x0000000714800000| Untracked 
| 136|0x0000000714a00000, 0x0000000714a00000, 0x0000000714c00000|  0%| F|  |TAMS 0x0000000714a00000, 0x0000000714a00000| Untracked 
| 137|0x0000000714c00000, 0x0000000714c00000, 0x0000000714e00000|  0%| F|  |TAMS 0x0000000714c00000, 0x0000000714c00000| Untracked 
| 138|0x0000000714e00000, 0x0000000714e00000, 0x0000000715000000|  0%| F|  |TAMS 0x0000000714e00000, 0x0000000714e00000| Untracked 
| 139|0x0000000715000000, 0x0000000715000000, 0x0000000715200000|  0%| F|  |TAMS 0x0000000715000000, 0x0000000715000000| Untracked 
| 140|0x0000000715200000, 0x0000000715200000, 0x0000000715400000|  0%| F|  |TAMS 0x0000000715200000, 0x0000000715200000| Untracked 
| 141|0x0000000715400000, 0x0000000715400000, 0x0000000715600000|  0%| F|  |TAMS 0x0000000715400000, 0x0000000715400000| Untracked 
| 142|0x0000000715600000, 0x0000000715600000, 0x0000000715800000|  0%| F|  |TAMS 0x0000000715600000, 0x0000000715600000| Untracked 
| 143|0x0000000715800000, 0x0000000715800000, 0x0000000715a00000|  0%| F|  |TAMS 0x0000000715800000, 0x0000000715800000| Untracked 
| 144|0x0000000715a00000, 0x0000000715a00000, 0x0000000715c00000|  0%| F|  |TAMS 0x0000000715a00000, 0x0000000715a00000| Untracked 
| 145|0x0000000715c00000, 0x0000000715c00000, 0x0000000715e00000|  0%| F|  |TAMS 0x0000000715c00000, 0x0000000715c00000| Untracked 
| 146|0x0000000715e00000, 0x0000000715e00000, 0x0000000716000000|  0%| F|  |TAMS 0x0000000715e00000, 0x0000000715e00000| Untracked 
| 147|0x0000000716000000, 0x0000000716000000, 0x0000000716200000|  0%| F|  |TAMS 0x0000000716000000, 0x0000000716000000| Untracked 
| 148|0x0000000716200000, 0x0000000716200000, 0x0000000716400000|  0%| F|  |TAMS 0x0000000716200000, 0x0000000716200000| Untracked 
| 149|0x0000000716400000, 0x0000000716400000, 0x0000000716600000|  0%| F|  |TAMS 0x0000000716400000, 0x0000000716400000| Untracked 
| 150|0x0000000716600000, 0x0000000716600000, 0x0000000716800000|  0%| F|  |TAMS 0x0000000716600000, 0x0000000716600000| Untracked 
| 151|0x0000000716800000, 0x0000000716800000, 0x0000000716a00000|  0%| F|  |TAMS 0x0000000716800000, 0x0000000716800000| Untracked 
| 152|0x0000000716a00000, 0x0000000716a00000, 0x0000000716c00000|  0%| F|  |TAMS 0x0000000716a00000, 0x0000000716a00000| Untracked 
| 153|0x0000000716c00000, 0x0000000716c00000, 0x0000000716e00000|  0%| F|  |TAMS 0x0000000716c00000, 0x0000000716c00000| Untracked 
| 154|0x0000000716e00000, 0x0000000716e00000, 0x0000000717000000|  0%| F|  |TAMS 0x0000000716e00000, 0x0000000716e00000| Untracked 
| 155|0x0000000717000000, 0x0000000717000000, 0x0000000717200000|  0%| F|  |TAMS 0x0000000717000000, 0x0000000717000000| Untracked 
| 156|0x0000000717200000, 0x0000000717200000, 0x0000000717400000|  0%| F|  |TAMS 0x0000000717200000, 0x0000000717200000| Untracked 
| 157|0x0000000717400000, 0x0000000717400000, 0x0000000717600000|  0%| F|  |TAMS 0x0000000717400000, 0x0000000717400000| Untracked 
| 158|0x0000000717600000, 0x0000000717600000, 0x0000000717800000|  0%| F|  |TAMS 0x0000000717600000, 0x0000000717600000| Untracked 
| 159|0x0000000717800000, 0x0000000717800000, 0x0000000717a00000|  0%| F|  |TAMS 0x0000000717800000, 0x0000000717800000| Untracked 
| 160|0x0000000717a00000, 0x0000000717a00000, 0x0000000717c00000|  0%| F|  |TAMS 0x0000000717a00000, 0x0000000717a00000| Untracked 
| 161|0x0000000717c00000, 0x0000000717c00000, 0x0000000717e00000|  0%| F|  |TAMS 0x0000000717c00000, 0x0000000717c00000| Untracked 
| 162|0x0000000717e00000, 0x0000000717e00000, 0x0000000718000000|  0%| F|  |TAMS 0x0000000717e00000, 0x0000000717e00000| Untracked 
| 163|0x0000000718000000, 0x0000000718000000, 0x0000000718200000|  0%| F|  |TAMS 0x0000000718000000, 0x0000000718000000| Untracked 
| 164|0x0000000718200000, 0x0000000718200000, 0x0000000718400000|  0%| F|  |TAMS 0x0000000718200000, 0x0000000718200000| Untracked 
| 165|0x0000000718400000, 0x0000000718400000, 0x0000000718600000|  0%| F|  |TAMS 0x0000000718400000, 0x0000000718400000| Untracked 
| 166|0x0000000718600000, 0x0000000718600000, 0x0000000718800000|  0%| F|  |TAMS 0x0000000718600000, 0x0000000718600000| Untracked 
| 167|0x0000000718800000, 0x0000000718800000, 0x0000000718a00000|  0%| F|  |TAMS 0x0000000718800000, 0x0000000718800000| Untracked 
| 168|0x0000000718a00000, 0x0000000718a00000, 0x0000000718c00000|  0%| F|  |TAMS 0x0000000718a00000, 0x0000000718a00000| Untracked 
| 169|0x0000000718c00000, 0x0000000718c00000, 0x0000000718e00000|  0%| F|  |TAMS 0x0000000718c00000, 0x0000000718c00000| Untracked 
| 170|0x0000000718e00000, 0x0000000718e00000, 0x0000000719000000|  0%| F|  |TAMS 0x0000000718e00000, 0x0000000718e00000| Untracked 
| 171|0x0000000719000000, 0x0000000719000000, 0x0000000719200000|  0%| F|  |TAMS 0x0000000719000000, 0x0000000719000000| Untracked 
|2017|0x00000007ffc00000, 0x00000007ffe00000, 0x00000007ffe00000|100%| O|  |TAMS 0x00000007ffc30800, 0x00000007ffe00000| Untracked 
|2018|0x00000007ffe00000, 0x0000000800000000, 0x0000000800000000|100%| O|  |TAMS 0x0000000800000000, 0x0000000800000000| Untracked 

Card table byte_map: [0x000001b51f060000,0x000001b51f850000] _byte_map_base: 0x000001b51b843000

Marking Bits (Prev, Next): (CMBitMap*) 0x000001b505e3daa0, (CMBitMap*) 0x000001b505e3dae0
 Prev Bits: [0x000001b520040000, 0x000001b523f58000)
 Next Bits: [0x000001b523f60000, 0x000001b527e78000)

Polling page: 0x000001b505eb0000

Metaspace:

Usage:
  Non-class:     81.08 MB used.
      Class:     10.59 MB used.
       Both:     91.68 MB used.

Virtual space:
  Non-class space:       88.00 MB reserved,      81.44 MB ( 93%) committed,  11 nodes.
      Class space:        1.00 GB reserved,      10.88 MB (  1%) committed,  1 nodes.
             Both:        1.09 GB reserved,      92.31 MB (  8%) committed. 

Chunk freelists:
   Non-Class:  2.16 MB
       Class:  1.11 MB
        Both:  3.27 MB

MaxMetaspaceSize: unlimited
CompressedClassSpaceSize: 1.00 GB
Initial GC threshold: 21.00 MB
Current GC threshold: 153.69 MB
CDS: on
MetaspaceReclaimPolicy: balanced
 - commit_granule_bytes: 65536.
 - commit_granule_words: 8192.
 - virtual_space_node_default_size: 1048576.
 - enlarge_chunks_in_place: 1.
 - new_chunks_are_fully_committed: 0.
 - uncommit_free_chunks: 1.
 - use_allocation_guard: 0.
 - handle_deallocations: 1.


Internal statistics:

num_allocs_failed_limit: 15.
num_arena_births: 614.
num_arena_deaths: 8.
num_vsnodes_births: 12.
num_vsnodes_deaths: 0.
num_space_committed: 1477.
num_space_uncommitted: 0.
num_chunks_returned_to_freelist: 29.
num_chunks_taken_from_freelist: 3839.
num_chunk_merges: 18.
num_chunk_splits: 2919.
num_chunks_enlarged: 2406.
num_purges: 2.
num_inconsistent_stats: 0.

CodeHeap 'non-profiled nmethods': size=120000Kb used=6657Kb max_used=6657Kb free=113342Kb
 bounds [0x000001b5168c0000, 0x000001b516f50000, 0x000001b51ddf0000]
CodeHeap 'profiled nmethods': size=120000Kb used=18236Kb max_used=18236Kb free=101763Kb
 bounds [0x000001b50f390000, 0x000001b510560000, 0x000001b5168c0000]
CodeHeap 'non-nmethods': size=5760Kb used=1390Kb max_used=1471Kb free=4369Kb
 bounds [0x000001b50edf0000, 0x000001b50f060000, 0x000001b50f390000]
 total_blobs=9860 nmethods=9145 adapters=626
 compilation: enabled
              stopped_count=0, restarted_count=0
 full_count=0

Compilation events (20 events):
Event: 41.012 Thread 0x000001b52b407e90 10761       1       com.sonar.security.I.B::B (3 bytes)
Event: 41.012 Thread 0x000001b52b407e90 nmethod 10761 0x000001b516f3eb10 code [0x000001b516f3eca0, 0x000001b516f3ed78]
Event: 41.032 Thread 0x000001b52b407e90 10762       1       com.sonar.security.I.c::B (3 bytes)
Event: 41.032 Thread 0x000001b52b407e90 nmethod 10762 0x000001b516f3ee10 code [0x000001b516f3efa0, 0x000001b516f3f078]
Event: 41.051 Thread 0x000001b52b407e90 10763       1       com.sonar.security.I.b::B (3 bytes)
Event: 41.052 Thread 0x000001b52b407e90 nmethod 10763 0x000001b516f3f110 code [0x000001b516f3f2a0, 0x000001b516f3f378]
Event: 41.073 Thread 0x000001b52b407e90 10764       1       com.sonar.security.I.C::B (3 bytes)
Event: 41.073 Thread 0x000001b52b407e90 nmethod 10764 0x000001b516f3f410 code [0x000001b516f3f5a0, 0x000001b516f3f678]
Event: 41.096 Thread 0x000001b52b407e90 10765       3       java.util.HashSet::toArray (18 bytes)
Event: 41.096 Thread 0x000001b52b407e90 nmethod 10765 0x000001b51055f690 code [0x000001b51055f840, 0x000001b51055fb68]
Event: 41.096 Thread 0x000001b52b407e90 10766       1       com.sonar.security.I.G::B (3 bytes)
Event: 41.096 Thread 0x000001b52b407e90 nmethod 10766 0x000001b516f3f710 code [0x000001b516f3f8a0, 0x000001b516f3f978]
Event: 41.119 Thread 0x000001b52b407e90 10767       1       com.sonar.security.I.K::B (3 bytes)
Event: 41.119 Thread 0x000001b52b407e90 nmethod 10767 0x000001b516f3fa10 code [0x000001b516f3fba0, 0x000001b516f3fc78]
Event: 41.143 Thread 0x000001b52b407e90 10768       1       com.sonar.security.I.P::B (3 bytes)
Event: 41.143 Thread 0x000001b52b407e90 nmethod 10768 0x000001b516f3fd10 code [0x000001b516f3fea0, 0x000001b516f3ff78]
Event: 41.173 Thread 0x000001b52b407e90 10769       1       com.sonar.security.I.a::B (3 bytes)
Event: 41.173 Thread 0x000001b52b407e90 nmethod 10769 0x000001b516f40010 code [0x000001b516f401a0, 0x000001b516f40278]
Event: 41.212 Thread 0x000001b52b407e90 10770       1       com.sonar.security.I.J::B (3 bytes)
Event: 41.213 Thread 0x000001b52b407e90 nmethod 10770 0x000001b516f40310 code [0x000001b516f404a0, 0x000001b516f40578]

GC Heap History (20 events):
Event: 39.212 GC heap after
{Heap after GC invocations=26 (full 0):
 garbage-first heap   total 163840K, used 71476K [0x0000000703a00000, 0x0000000800000000)
  region size 2048K, 2 young (4096K), 2 survivors (4096K)
 Metaspace       used 83990K, committed 84544K, reserved 1130496K
  class space    used 9604K, committed 9856K, reserved 1048576K
}
Event: 39.837 GC heap before
{Heap before GC invocations=27 (full 0):
 garbage-first heap   total 163840K, used 126772K [0x0000000703a00000, 0x0000000800000000)
  region size 2048K, 29 young (59392K), 2 survivors (4096K)
 Metaspace       used 93029K, committed 93696K, reserved 1138688K
  class space    used 10724K, committed 11008K, reserved 1048576K
}
Event: 39.842 GC heap after
{Heap after GC invocations=28 (full 0):
 garbage-first heap   total 163840K, used 74802K [0x0000000703a00000, 0x0000000800000000)
  region size 2048K, 3 young (6144K), 3 survivors (6144K)
 Metaspace       used 93029K, committed 93696K, reserved 1138688K
  class space    used 10724K, committed 11008K, reserved 1048576K
}
Event: 39.870 GC heap before
{Heap before GC invocations=28 (full 0):
 garbage-first heap   total 163840K, used 76850K [0x0000000703a00000, 0x0000000800000000)
  region size 2048K, 4 young (8192K), 3 survivors (6144K)
 Metaspace       used 93436K, committed 94080K, reserved 1138688K
  class space    used 10785K, committed 11072K, reserved 1048576K
}
Event: 39.874 GC heap after
{Heap after GC invocations=29 (full 0):
 garbage-first heap   total 163840K, used 69211K [0x0000000703a00000, 0x0000000800000000)
  region size 2048K, 1 young (2048K), 1 survivors (2048K)
 Metaspace       used 93436K, committed 94080K, reserved 1138688K
  class space    used 10785K, committed 11072K, reserved 1048576K
}
Event: 40.046 GC heap before
{Heap before GC invocations=29 (full 0):
 garbage-first heap   total 163840K, used 151131K [0x0000000703a00000, 0x0000000800000000)
  region size 2048K, 18 young (36864K), 1 survivors (2048K)
 Metaspace       used 93762K, committed 94336K, reserved 1138688K
  class space    used 10826K, committed 11072K, reserved 1048576K
}
Event: 40.050 GC heap after
{Heap after GC invocations=30 (full 0):
 garbage-first heap   total 169984K, used 89627K [0x0000000703a00000, 0x0000000800000000)
  region size 2048K, 4 young (8192K), 4 survivors (8192K)
 Metaspace       used 93762K, committed 94336K, reserved 1138688K
  class space    used 10826K, committed 11072K, reserved 1048576K
}
Event: 40.159 GC heap before
{Heap before GC invocations=30 (full 0):
 garbage-first heap   total 169984K, used 124443K [0x0000000703a00000, 0x0000000800000000)
  region size 2048K, 23 young (47104K), 4 survivors (8192K)
 Metaspace       used 93842K, committed 94400K, reserved 1138688K
  class space    used 10828K, committed 11072K, reserved 1048576K
}
Event: 40.164 GC heap after
{Heap after GC invocations=31 (full 0):
 garbage-first heap   total 169984K, used 85550K [0x0000000703a00000, 0x0000000800000000)
  region size 2048K, 3 young (6144K), 3 survivors (6144K)
 Metaspace       used 93842K, committed 94400K, reserved 1138688K
  class space    used 10828K, committed 11072K, reserved 1048576K
}
Event: 40.389 GC heap before
{Heap before GC invocations=32 (full 0):
 garbage-first heap   total 208896K, used 171566K [0x0000000703a00000, 0x0000000800000000)
  region size 2048K, 23 young (47104K), 3 survivors (6144K)
 Metaspace       used 93779K, committed 94400K, reserved 1138688K
  class space    used 10825K, committed 11072K, reserved 1048576K
}
Event: 40.396 GC heap after
{Heap after GC invocations=33 (full 0):
 garbage-first heap   total 208896K, used 101509K [0x0000000703a00000, 0x0000000800000000)
  region size 2048K, 3 young (6144K), 3 survivors (6144K)
 Metaspace       used 93779K, committed 94400K, reserved 1138688K
  class space    used 10825K, committed 11072K, reserved 1048576K
}
Event: 40.407 GC heap before
{Heap before GC invocations=33 (full 0):
 garbage-first heap   total 208896K, used 105605K [0x0000000703a00000, 0x0000000800000000)
  region size 2048K, 5 young (10240K), 3 survivors (6144K)
 Metaspace       used 93783K, committed 94400K, reserved 1138688K
  class space    used 10825K, committed 11072K, reserved 1048576K
}
Event: 40.414 GC heap after
{Heap after GC invocations=34 (full 0):
 garbage-first heap   total 356352K, used 101059K [0x0000000703a00000, 0x0000000800000000)
  region size 2048K, 1 young (2048K), 1 survivors (2048K)
 Metaspace       used 93783K, committed 94400K, reserved 1138688K
  class space    used 10825K, committed 11072K, reserved 1048576K
}
Event: 40.821 GC heap before
{Heap before GC invocations=34 (full 0):
 garbage-first heap   total 356352K, used 312003K [0x0000000703a00000, 0x0000000800000000)
  region size 2048K, 56 young (114688K), 1 survivors (2048K)
 Metaspace       used 93873K, committed 94528K, reserved 1138688K
  class space    used 10846K, committed 11136K, reserved 1048576K
}
Event: 40.835 GC heap after
{Heap after GC invocations=35 (full 0):
 garbage-first heap   total 356352K, used 123662K [0x0000000703a00000, 0x0000000800000000)
  region size 2048K, 8 young (16384K), 8 survivors (16384K)
 Metaspace       used 93873K, committed 94528K, reserved 1138688K
  class space    used 10846K, committed 11136K, reserved 1048576K
}
Event: 40.917 GC heap before
{Heap before GC invocations=35 (full 0):
 garbage-first heap   total 356352K, used 226062K [0x0000000703a00000, 0x0000000800000000)
  region size 2048K, 58 young (118784K), 8 survivors (16384K)
 Metaspace       used 93877K, committed 94528K, reserved 1138688K
  class space    used 10848K, committed 11136K, reserved 1048576K
}
Event: 40.924 GC heap after
{Heap after GC invocations=36 (full 0):
 garbage-first heap   total 356352K, used 126022K [0x0000000703a00000, 0x0000000800000000)
  region size 2048K, 1 young (2048K), 1 survivors (2048K)
 Metaspace       used 93877K, committed 94528K, reserved 1138688K
  class space    used 10848K, committed 11136K, reserved 1048576K
}
Event: 41.020 GC heap before
{Heap before GC invocations=36 (full 0):
 garbage-first heap   total 356352K, used 242758K [0x0000000703a00000, 0x0000000800000000)
  region size 2048K, 58 young (118784K), 1 survivors (2048K)
 Metaspace       used 93878K, committed 94528K, reserved 1138688K
  class space    used 10848K, committed 11136K, reserved 1048576K
}
Event: 41.021 GC heap after
{Heap after GC invocations=37 (full 0):
 garbage-first heap   total 356352K, used 124991K [0x0000000703a00000, 0x0000000800000000)
  region size 2048K, 1 young (2048K), 1 survivors (2048K)
 Metaspace       used 93878K, committed 94528K, reserved 1138688K
  class space    used 10848K, committed 11136K, reserved 1048576K
}
Event: 41.225 GC heap before
{Heap before GC invocations=37 (full 0):
 garbage-first heap   total 356352K, used 266303K [0x0000000703a00000, 0x0000000800000000)
  region size 2048K, 70 young (143360K), 1 survivors (2048K)
 Metaspace       used 93878K, committed 94528K, reserved 1138688K
  class space    used 10848K, committed 11136K, reserved 1048576K
}

Deoptimization events (20 events):
Event: 40.855 Thread 0x000001b505deabe0 Uncommon trap: trap_request=0xffffffde fr.pc=0x000001b516f23320 relative=0x0000000000000660
Event: 40.855 Thread 0x000001b505deabe0 Uncommon trap: reason=class_check action=maybe_recompile pc=0x000001b516f23320 method=com.sonar.security.config.C.A(Ljava/lang/String;Ljava/util/List;)Ljava/util/List; @ 30 c2
Event: 40.855 Thread 0x000001b505deabe0 DEOPT PACKING pc=0x000001b516f23320 sp=0x0000003ce1cfbdb0
Event: 40.855 Thread 0x000001b505deabe0 DEOPT UNPACKING pc=0x000001b50ee45c23 sp=0x0000003ce1cfbd78 mode 2
Event: 40.874 Thread 0x000001b505deabe0 Uncommon trap: trap_request=0xffffff66 fr.pc=0x000001b516f3ab08 relative=0x0000000000001128
Event: 40.874 Thread 0x000001b505deabe0 Uncommon trap: reason=speculate_class_check action=maybe_recompile pc=0x000001b516f3ab08 method=com.sonar.security.I.T.E()Lcom/sonar/security/config/IssueType; @ 1 c2
Event: 40.874 Thread 0x000001b505deabe0 DEOPT PACKING pc=0x000001b516f3ab08 sp=0x0000003ce1cfc3f0
Event: 40.874 Thread 0x000001b505deabe0 DEOPT UNPACKING pc=0x000001b50ee45c23 sp=0x0000003ce1cfc320 mode 2
Event: 40.874 Thread 0x000001b505deabe0 Uncommon trap: trap_request=0xffffff66 fr.pc=0x000001b516f3ab08 relative=0x0000000000001128
Event: 40.875 Thread 0x000001b505deabe0 Uncommon trap: reason=speculate_class_check action=maybe_recompile pc=0x000001b516f3ab08 method=com.sonar.security.I.T.E()Lcom/sonar/security/config/IssueType; @ 1 c2
Event: 40.875 Thread 0x000001b505deabe0 DEOPT PACKING pc=0x000001b516f3ab08 sp=0x0000003ce1cfc3f0
Event: 40.875 Thread 0x000001b505deabe0 DEOPT UNPACKING pc=0x000001b50ee45c23 sp=0x0000003ce1cfc320 mode 2
Event: 40.875 Thread 0x000001b505deabe0 Uncommon trap: trap_request=0xffffff66 fr.pc=0x000001b516f3ab08 relative=0x0000000000001128
Event: 40.875 Thread 0x000001b505deabe0 Uncommon trap: reason=speculate_class_check action=maybe_recompile pc=0x000001b516f3ab08 method=com.sonar.security.I.T.E()Lcom/sonar/security/config/IssueType; @ 1 c2
Event: 40.875 Thread 0x000001b505deabe0 DEOPT PACKING pc=0x000001b516f3ab08 sp=0x0000003ce1cfc3f0
Event: 40.875 Thread 0x000001b505deabe0 DEOPT UNPACKING pc=0x000001b50ee45c23 sp=0x0000003ce1cfc320 mode 2
Event: 40.875 Thread 0x000001b505deabe0 Uncommon trap: trap_request=0xffffff66 fr.pc=0x000001b516f3ab08 relative=0x0000000000001128
Event: 40.875 Thread 0x000001b505deabe0 Uncommon trap: reason=speculate_class_check action=maybe_recompile pc=0x000001b516f3ab08 method=com.sonar.security.I.T.E()Lcom/sonar/security/config/IssueType; @ 1 c2
Event: 40.875 Thread 0x000001b505deabe0 DEOPT PACKING pc=0x000001b516f3ab08 sp=0x0000003ce1cfc3f0
Event: 40.875 Thread 0x000001b505deabe0 DEOPT UNPACKING pc=0x000001b50ee45c23 sp=0x0000003ce1cfc320 mode 2

Classes unloaded (4 events):
Event: 40.219 Thread 0x000001b52a982210 Unloading class 0x0000000801618800 'GeneratedBySSLR'
Event: 40.219 Thread 0x000001b52a982210 Unloading class 0x0000000801618000 'GeneratedBySSLR'
Event: 40.219 Thread 0x000001b52a982210 Unloading class 0x0000000801614800 'GeneratedBySSLR'
Event: 40.219 Thread 0x000001b52a982210 Unloading class 0x0000000801614000 'GeneratedBySSLR'

Classes redefined (0 events):
No events

Internal exceptions (20 events):
Event: 38.952 Thread 0x000001b505deabe0 Exception <a 'java/lang/NoSuchMethodError'{0x000000070bb6bba0}: 'int java.lang.invoke.DirectMethodHandle$Holder.invokeSpecial(java.lang.Object, java.lang.Object, int, java.lang.Object)'> (0x000000070bb6bba0) 
thrown [t:\workspace\open\src\hotspot\share\interpreter\linkResolver.cpp, line 766]
Event: 38.963 Thread 0x000001b52dc0ead0 Exception <a 'java/lang/InterruptedException'{0x000000070b800040}: sleep interrupted> (0x000000070b800040) 
thrown [t:\workspace\open\src\hotspot\share\prims\jvm.cpp, line 3067]
Event: 38.971 Thread 0x000001b505deabe0 Exception <a 'java/lang/NoSuchMethodError'{0x000000070bbe2b10}: 'java.lang.Object java.lang.invoke.DirectMethodHandle$Holder.invokeStatic(java.lang.Object, int, java.lang.Object)'> (0x000000070bbe2b10) 
thrown [t:\workspace\open\src\hotspot\share\interpreter\linkResolver.cpp, line 766]
Event: 38.981 Thread 0x000001b52dc0cdf0 Exception <a 'java/lang/NoSuchMethodError'{0x000000070b830850}: 'java.lang.Object java.lang.invoke.DirectMethodHandle$Holder.invokeSpecial(java.lang.Object, java.lang.Object, long, java.lang.Object, java.lang.Object)'> (0x000000070b830850) 
thrown [t:\workspace\open\src\hotspot\share\interpreter\linkResolver.cpp, line 766]
Event: 39.068 Thread 0x000001b505deabe0 Exception <a 'java/lang/NoSuchMethodError'{0x000000070b272660}: 'java.lang.Object java.lang.invoke.DirectMethodHandle$Holder.invokeInterface(java.lang.Object, java.lang.Object, int)'> (0x000000070b272660) 
thrown [t:\workspace\open\src\hotspot\share\interpreter\linkResolver.cpp, line 766]
Event: 39.102 Thread 0x000001b52dc0cdf0 Exception <a 'java/lang/InterruptedException'{0x000000070b837228}: sleep interrupted> (0x000000070b837228) 
thrown [t:\workspace\open\src\hotspot\share\prims\jvm.cpp, line 3067]
Event: 39.110 Thread 0x000001b505deabe0 Exception <a 'java/lang/IncompatibleClassChangeError'{0x000000070afa8b10}: Found class java.lang.Object, but interface was expected> (0x000000070afa8b10) 
thrown [t:\workspace\open\src\hotspot\share\interpreter\linkResolver.cpp, line 833]
Event: 39.110 Thread 0x000001b505deabe0 Exception <a 'sun/nio/fs/WindowsException'{0x000000070afae628}> (0x000000070afae628) 
thrown [t:\workspace\open\src\hotspot\share\prims\jni.cpp, line 516]
Event: 39.110 Thread 0x000001b505deabe0 Exception <a 'sun/nio/fs/WindowsException'{0x000000070afaf1c0}> (0x000000070afaf1c0) 
thrown [t:\workspace\open\src\hotspot\share\prims\jni.cpp, line 516]
Event: 39.111 Thread 0x000001b505deabe0 Exception <a 'sun/nio/fs/WindowsException'{0x000000070afafe70}> (0x000000070afafe70) 
thrown [t:\workspace\open\src\hotspot\share\prims\jni.cpp, line 516]
Event: 39.500 Thread 0x000001b52dc0c920 Exception <a 'java/lang/InterruptedException'{0x000000070c001780}: sleep interrupted> (0x000000070c001780) 
thrown [t:\workspace\open\src\hotspot\share\prims\jvm.cpp, line 3067]
Event: 39.569 Thread 0x000001b505deabe0 Exception <a 'java/lang/NoSuchMethodError'{0x000000070bd9acc8}: 'void java.lang.invoke.DirectMethodHandle$Holder.invokeVirtual(java.lang.Object, java.lang.Object, java.lang.Object, java.lang.Object)'> (0x000000070bd9acc8) 
thrown [t:\workspace\open\src\hotspot\share\interpreter\linkResolver.cpp, line 766]
Event: 39.579 Thread 0x000001b52dc0ead0 Exception <a 'java/lang/InterruptedException'{0x000000070c1ba008}: sleep interrupted> (0x000000070c1ba008) 
thrown [t:\workspace\open\src\hotspot\share\prims\jvm.cpp, line 3067]
Event: 39.644 Thread 0x000001b505deabe0 Exception <a 'java/lang/NoSuchMethodError'{0x000000070b718ca8}: 'void java.lang.invoke.DirectMethodHandle$Holder.invokeInterface(java.lang.Object, java.lang.Object, java.lang.Object, java.lang.Object)'> (0x000000070b718ca8) 
thrown [t:\workspace\open\src\hotspot\share\interpreter\linkResolver.cpp, line 766]
Event: 39.731 Thread 0x000001b505deabe0 Exception <a 'java/io/FileNotFoundException'{0x000000070af2b6b8}> (0x000000070af2b6b8) 
thrown [t:\workspace\open\src\hotspot\share\prims\jni.cpp, line 516]
Event: 39.917 Thread 0x000001b505deabe0 Exception <a 'java/lang/NoSuchMethodError'{0x000000070e7ff648}: 'java.lang.Object java.lang.invoke.DirectMethodHandle$Holder.newInvokeSpecial(java.lang.Object, java.lang.Object, java.lang.Object, java.lang.Object, java.lang.Object, java.lang.Object, java.lang.Object, java.lang.Object)'> (0x000000070e7ff648) 
thrown [t:\workspace\open\src\hotspot\share\interpreter\linkResolver.cpp, line 766]
Event: 39.917 Thread 0x000001b505deabe0 Exception <a 'java/lang/NoSuchMethodError'{0x000000070e404ee0}: 'java.lang.Object java.lang.invoke.DirectMethodHandle$Holder.invokeSpecial(java.lang.Object, java.lang.Object, java.lang.Object, java.lang.Object, java.lang.Object, java.lang.Object, java.lang.Object, java.lang.Object, java.lang.Object)'> (0x000000070e404ee0) 
thrown [t:\workspace\open\src\hotspot\share\interpreter\linkResolver.cpp, line 766]
Event: 39.918 Thread 0x000001b505deabe0 Exception <a 'java/lang/NoSuchMethodError'{0x000000070e409dc8}: 'java.lang.Object java.lang.invoke.Invokers$Holder.linkToTargetMethod(java.lang.Object, java.lang.Object, java.lang.Object, java.lang.Object, java.lang.Object, java.lang.Object, java.lang.Object, java.lang.Object)'> (0x000000070e409dc8) 
thrown [t:\workspace\open\src\hotspot\share\interpreter\linkResolver.cpp, line 766]
Event: 40.545 Thread 0x000001b505deabe0 Implicit null exception at 0x000001b516f13056 to 0x000001b516f130ec
Event: 40.588 Thread 0x000001b505deabe0 Implicit null exception at 0x000001b516f1625c to 0x000001b516f16345

VM Operations (20 events):
Event: 40.227 Executing VM operation: G1Concurrent done
Event: 40.251 Executing VM operation: G1Concurrent
Event: 40.251 Executing VM operation: G1Concurrent done
Event: 40.389 Executing VM operation: G1CollectForAllocation
Event: 40.396 Executing VM operation: G1CollectForAllocation done
Event: 40.407 Executing VM operation: G1CollectForAllocation
Event: 40.414 Executing VM operation: G1CollectForAllocation done
Event: 40.641 Executing VM operation: HandshakeAllThreads
Event: 40.641 Executing VM operation: HandshakeAllThreads done
Event: 40.786 Executing VM operation: HandshakeAllThreads
Event: 40.786 Executing VM operation: HandshakeAllThreads done
Event: 40.788 Executing VM operation: HandshakeAllThreads
Event: 40.788 Executing VM operation: HandshakeAllThreads done
Event: 40.821 Executing VM operation: G1CollectForAllocation
Event: 40.835 Executing VM operation: G1CollectForAllocation done
Event: 40.917 Executing VM operation: G1CollectForAllocation
Event: 40.924 Executing VM operation: G1CollectForAllocation done
Event: 41.020 Executing VM operation: G1CollectForAllocation
Event: 41.021 Executing VM operation: G1CollectForAllocation done
Event: 41.225 Executing VM operation: G1CollectForAllocation

Events (20 events):
Event: 39.847 loading class com/sun/crypto/provider/PBKDF2KeyImpl
Event: 39.847 loading class javax/crypto/interfaces/PBEKey
Event: 39.848 loading class javax/crypto/interfaces/PBEKey done
Event: 39.848 loading class com/sun/crypto/provider/PBKDF2KeyImpl done
Event: 39.848 loading class com/sun/crypto/provider/PBKDF2KeyImpl$1
Event: 39.848 loading class com/sun/crypto/provider/PBKDF2KeyImpl$1 done
Event: 39.880 loading class java/io/SequenceInputStream
Event: 39.880 loading class java/io/SequenceInputStream done
Event: 39.880 loading class java/util/zip/GZIPInputStream$1
Event: 39.880 loading class java/util/zip/GZIPInputStream$1 done
Event: 39.923 loading class jdk/internal/reflect/UnsafeQualifiedBooleanFieldAccessorImpl
Event: 39.923 loading class jdk/internal/reflect/UnsafeQualifiedBooleanFieldAccessorImpl done
Event: 39.924 loading class jdk/internal/reflect/UnsafeQualifiedIntegerFieldAccessorImpl
Event: 39.924 loading class jdk/internal/reflect/UnsafeQualifiedIntegerFieldAccessorImpl done
Event: 40.783 loading class java/util/Spliterators$IntArraySpliterator
Event: 40.785 loading class java/util/Spliterators$IntArraySpliterator done
Event: 40.787 loading class java/util/stream/MatchOps$2MatchSink
Event: 40.787 loading class java/util/stream/MatchOps$2MatchSink done
Event: 40.981 Thread 0x000001b52c798660 Thread exited: 0x000001b52c798660
Event: 41.032 Thread 0x000001b52c798150 Thread exited: 0x000001b52c798150


Dynamic libraries:
0x00007ff7645b0000 - 0x00007ff7645c0000 	C:\Program Files\Java\jdk-17\bin\java.exe
0x00007ffeb7cd0000 - 0x00007ffeb7ee7000 	C:\WINDOWS\SYSTEM32\ntdll.dll
0x00007ffe5f770000 - 0x00007ffe5f789000 	C:\Program Files\Avast Software\Avast\aswhook.dll
0x00007ffeb6380000 - 0x00007ffeb6444000 	C:\WINDOWS\System32\KERNEL32.DLL
0x00007ffeb50e0000 - 0x00007ffeb5486000 	C:\WINDOWS\System32\KERNELBASE.dll
0x00007ffeb5900000 - 0x00007ffeb5a11000 	C:\WINDOWS\System32\ucrtbase.dll
0x00007ffe8d7a0000 - 0x00007ffe8d7b8000 	C:\Program Files\Java\jdk-17\bin\jli.dll
0x00007ffeb5e90000 - 0x00007ffeb5f43000 	C:\WINDOWS\System32\ADVAPI32.dll
0x00007ffeb68d0000 - 0x00007ffeb6977000 	C:\WINDOWS\System32\msvcrt.dll
0x00007ffe8d770000 - 0x00007ffe8d78a000 	C:\Program Files\Java\jdk-17\bin\VCRUNTIME140.dll
0x00007ffeb60f0000 - 0x00007ffeb6198000 	C:\WINDOWS\System32\sechost.dll
0x00007ffeb5730000 - 0x00007ffeb5758000 	C:\WINDOWS\System32\bcrypt.dll
0x00007ffeb7910000 - 0x00007ffeb7a27000 	C:\WINDOWS\System32\RPCRT4.dll
0x00007ffeb61d0000 - 0x00007ffeb637e000 	C:\WINDOWS\System32\USER32.dll
0x00007ffeb5010000 - 0x00007ffeb5036000 	C:\WINDOWS\System32\win32u.dll
0x00007ffeb78e0000 - 0x00007ffeb7909000 	C:\WINDOWS\System32\GDI32.dll
0x00007ffe9c200000 - 0x00007ffe9c493000 	C:\WINDOWS\WinSxS\amd64_microsoft.windows.common-controls_6595b64144ccf1df_6.0.22621.2506_none_270c5ae97388e100\COMCTL32.dll
0x00007ffeb57e0000 - 0x00007ffeb58f8000 	C:\WINDOWS\System32\gdi32full.dll
0x00007ffeb5040000 - 0x00007ffeb50da000 	C:\WINDOWS\System32\msvcp_win.dll
0x00007ffea8ac0000 - 0x00007ffea8aca000 	C:\WINDOWS\SYSTEM32\VERSION.dll
0x00007ffeb7ae0000 - 0x00007ffeb7b11000 	C:\WINDOWS\System32\IMM32.DLL
0x00007ffe91d70000 - 0x00007ffe91d7c000 	C:\Program Files\Java\jdk-17\bin\vcruntime140_1.dll
0x00007ffe43960000 - 0x00007ffe439ed000 	C:\Program Files\Java\jdk-17\bin\msvcp140.dll
0x00007ffe1c8f0000 - 0x00007ffe1d4ae000 	C:\Program Files\Java\jdk-17\bin\server\jvm.dll
0x00007ffeb7c80000 - 0x00007ffeb7c88000 	C:\WINDOWS\System32\PSAPI.DLL
0x00007ffe96ca0000 - 0x00007ffe96ca9000 	C:\WINDOWS\SYSTEM32\WSOCK32.dll
0x00007ffea9010000 - 0x00007ffea9044000 	C:\WINDOWS\SYSTEM32\WINMM.dll
0x00007ffeb5d10000 - 0x00007ffeb5d81000 	C:\WINDOWS\System32\WS2_32.dll
0x00007ffeb4010000 - 0x00007ffeb4028000 	C:\WINDOWS\SYSTEM32\kernel.appcore.dll
0x00007ffe8d8a0000 - 0x00007ffe8d8aa000 	C:\Program Files\Java\jdk-17\bin\jimage.dll
0x00007ffeb28f0000 - 0x00007ffeb2b23000 	C:\WINDOWS\SYSTEM32\DBGHELP.DLL
0x00007ffeb7550000 - 0x00007ffeb78d9000 	C:\WINDOWS\System32\combase.dll
0x00007ffeb5a20000 - 0x00007ffeb5af7000 	C:\WINDOWS\System32\OLEAUT32.dll
0x00007ffea62d0000 - 0x00007ffea6302000 	C:\WINDOWS\SYSTEM32\dbgcore.DLL
0x00007ffeb5760000 - 0x00007ffeb57da000 	C:\WINDOWS\System32\bcryptPrimitives.dll
0x00007ffe8be10000 - 0x00007ffe8be35000 	C:\Program Files\Java\jdk-17\bin\java.dll
0x00007ffe41590000 - 0x00007ffe41666000 	C:\Program Files\Java\jdk-17\bin\svml.dll
0x00007ffeb6980000 - 0x00007ffeb71db000 	C:\WINDOWS\System32\SHELL32.dll
0x00007ffeb2f20000 - 0x00007ffeb3816000 	C:\WINDOWS\SYSTEM32\windows.storage.dll
0x00007ffeb2de0000 - 0x00007ffeb2f1e000 	C:\WINDOWS\SYSTEM32\wintypes.dll
0x00007ffeb5b00000 - 0x00007ffeb5bf3000 	C:\WINDOWS\System32\SHCORE.dll
0x00007ffeb7b20000 - 0x00007ffeb7b7e000 	C:\WINDOWS\System32\shlwapi.dll
0x00007ffeb4f40000 - 0x00007ffeb4f66000 	C:\WINDOWS\SYSTEM32\profapi.dll
0x00007ffe8bad0000 - 0x00007ffe8bae9000 	C:\Program Files\Java\jdk-17\bin\net.dll
0x00007ffeac540000 - 0x00007ffeac677000 	C:\WINDOWS\SYSTEM32\WINHTTP.dll
0x00007ffeb4480000 - 0x00007ffeb44e9000 	C:\WINDOWS\system32\mswsock.dll
0x00007ffe73520000 - 0x00007ffe73535000 	C:\Program Files\Java\jdk-17\bin\nio.dll
0x00007ffe6a810000 - 0x00007ffe6a828000 	C:\Program Files\Java\jdk-17\bin\zip.dll
0x0000000069ac0000 - 0x0000000069ae4000 	C:\Program Files\apache-maven-3.9.0\lib\jansi-native\Windows\x86_64\jansi.dll
0x00007ffe8d600000 - 0x00007ffe8d610000 	C:\Program Files\Java\jdk-17\bin\verify.dll
0x00007ffeb47d0000 - 0x00007ffeb47eb000 	C:\WINDOWS\SYSTEM32\CRYPTSP.dll
0x00007ffeb3f70000 - 0x00007ffeb3fa5000 	C:\WINDOWS\system32\rsaenh.dll
0x00007ffeb4520000 - 0x00007ffeb454c000 	C:\WINDOWS\SYSTEM32\USERENV.dll
0x00007ffeb47b0000 - 0x00007ffeb47bc000 	C:\WINDOWS\SYSTEM32\CRYPTBASE.dll
0x00007ffeb3ac0000 - 0x00007ffeb3aed000 	C:\WINDOWS\SYSTEM32\IPHLPAPI.DLL
0x00007ffeb61a0000 - 0x00007ffeb61a9000 	C:\WINDOWS\System32\NSI.dll
0x00007ffeac320000 - 0x00007ffeac339000 	C:\WINDOWS\SYSTEM32\dhcpcsvc6.DLL
0x00007ffeac2a0000 - 0x00007ffeac2bf000 	C:\WINDOWS\SYSTEM32\dhcpcsvc.DLL
0x00007ffeb3af0000 - 0x00007ffeb3be9000 	C:\WINDOWS\SYSTEM32\DNSAPI.dll
0x00007ffeabb80000 - 0x00007ffeabb8a000 	C:\Windows\System32\rasadhlp.dll
0x00007ffea8cd0000 - 0x00007ffea8d53000 	C:\WINDOWS\System32\fwpuclnt.dll
0x00007ffe918f0000 - 0x00007ffe918fe000 	C:\Program Files\Java\jdk-17\bin\sunmscapi.dll
0x00007ffeb55c0000 - 0x00007ffeb5726000 	C:\WINDOWS\System32\CRYPT32.dll
0x00007ffeb48c0000 - 0x00007ffeb48ee000 	C:\WINDOWS\SYSTEM32\ncrypt.dll
0x00007ffeb4880000 - 0x00007ffeb48b7000 	C:\WINDOWS\SYSTEM32\NTASN1.dll

dbghelp: loaded successfully - version: 4.0.5 - missing functions: none
symbol engine: initialized successfully - sym options: 0x614 - pdb path: .;C:\Program Files\Java\jdk-17\bin;C:\WINDOWS\SYSTEM32;C:\Program Files\Avast Software\Avast;C:\WINDOWS\WinSxS\amd64_microsoft.windows.common-controls_6595b64144ccf1df_6.0.22621.2506_none_270c5ae97388e100;C:\Program Files\Java\jdk-17\bin\server;C:\Program Files\apache-maven-3.9.0\lib\jansi-native\Windows\x86_64

VM Arguments:
jvm_args: -Dclassworlds.conf=C:\Program Files\apache-maven-3.9.0\bin\m2.conf -Dmaven.home=C:\Program Files\apache-maven-3.9.0 -Dlibrary.jansi.path=C:\Program Files\apache-maven-3.9.0\lib\jansi-native -Dmaven.multiModuleProjectDirectory=D:\Repository github\driving_school\project 
java_command: org.codehaus.plexus.classworlds.launcher.Launcher sonar:sonar
java_class_path (initial): C:\Program Files\apache-maven-3.9.0\boot\plexus-classworlds-2.6.0.jar
Launcher Type: SUN_STANDARD

[Global flags]
     intx CICompilerCount                          = 4                                         {product} {ergonomic}
     uint ConcGCThreads                            = 2                                         {product} {ergonomic}
     uint G1ConcRefinementThreads                  = 8                                         {product} {ergonomic}
   size_t G1HeapRegionSize                         = 2097152                                   {product} {ergonomic}
    uintx GCDrainStackTargetSize                   = 64                                        {product} {ergonomic}
   size_t InitialHeapSize                          = 266338304                                 {product} {ergonomic}
   size_t MarkStackSize                            = 4194304                                   {product} {ergonomic}
   size_t MaxHeapSize                              = 4234149888                                {product} {ergonomic}
   size_t MaxNewSize                               = 2539651072                                {product} {ergonomic}
   size_t MinHeapDeltaBytes                        = 2097152                                   {product} {ergonomic}
   size_t MinHeapSize                              = 8388608                                   {product} {ergonomic}
    uintx NonNMethodCodeHeapSize                   = 5839372                                {pd product} {ergonomic}
    uintx NonProfiledCodeHeapSize                  = 122909434                              {pd product} {ergonomic}
    uintx ProfiledCodeHeapSize                     = 122909434                              {pd product} {ergonomic}
    uintx ReservedCodeCacheSize                    = 251658240                              {pd product} {ergonomic}
     bool SegmentedCodeCache                       = true                                      {product} {ergonomic}
   size_t SoftMaxHeapSize                          = 4234149888                             {manageable} {ergonomic}
     bool UseCompressedClassPointers               = true                           {product lp64_product} {ergonomic}
     bool UseCompressedOops                        = true                           {product lp64_product} {ergonomic}
     bool UseG1GC                                  = true                                      {product} {ergonomic}
     bool UseLargePagesIndividualAllocation        = false                                  {pd product} {ergonomic}

Logging:
Log output configuration:
 #0: stdout all=warning uptime,level,tags
 #1: stderr all=off uptime,level,tags

Environment Variables:
JAVA_HOME=C:\Program Files\Java\jdk-17
PATH=C:\Program Files\Common Files\Oracle\Java\javapath;C:\Program Files (x86)\Common Files\Oracle\Java\javapath;C:\WINDOWS\system32;C:\WINDOWS;C:\WINDOWS\System32\Wbem;C:\WINDOWS\System32\WindowsPowerShell\v1.0\;C:\WINDOWS\System32\OpenSSH\;C:\Program Files\Microsoft SQL Server\110\Tools\Binn\;C:\Program Files\Microsoft SQL Server\120\Tools\Binn\;C:\Program Files\dotnet\;D:\Program Files\Git\cmd;C:\Program Files\Java\jdk-17\bin;C:\Program Files\apache-maven-3.9.0\bin;;C:\WINDOWS\system32;C:\WINDOWS;C:\WINDOWS\System32\Wbem;C:\WINDOWS\System32\WindowsPowerShell\v1.0\;C:\WINDOWS\System32\OpenSSH\;d:\games\quartus\bin;C:\Program Files\MySQL\MySQL Shell 8.0\bin\;C:\Users\user\AppData\Local\Microsoft\WindowsApps;D:\\Microsoft VS Code\bin;C:\Users\user\.dotnet\tools;C:\Users\user\AppData\Local\JetBrains\Toolbox\scripts;C:\Users\user\.dotnet\tools;C:\Users\user\AppData\Local\GitHubDesktop\bin;C:\Users\user\AppData\Local\Microsoft\WindowsApps;;C:\Users\user\AppData\Local\Coursier\data\bin
USERNAME=user
OS=Windows_NT
PROCESSOR_IDENTIFIER=Intel64 Family 6 Model 140 Stepping 1, GenuineIntel



---------------  S Y S T E M  ---------------

OS:
 Windows 10 , 64 bit Build 22621 (10.0.22621.3085)
OS uptime: 4 days 10:10 hours
Hyper-V role detected

CPU: total 8 (initial active 8) (4 cores per cpu, 2 threads per core) family 6 model 140 stepping 1 microcode 0xac, cx8, cmov, fxsr, ht, mmx, 3dnowpref, sse, sse2, sse3, ssse3, sse4.1, sse4.2, popcnt, lzcnt, tsc, tscinvbit, avx, avx2, aes, erms, clmul, bmi1, bmi2, adx, avx512f, avx512dq, avx512cd, avx512bw, avx512vl, sha, fma, vzeroupper, avx512_vpopcntdq, avx512_vpclmulqdq, avx512_vaes, avx512_vnni, clflush, clflushopt, clwb, avx512_vbmi2, avx512_vbmi, hv

Memory: 4k page, system-wide physical 16149M (1579M free)
TotalPageFile size 29544M (AvailPageFile size 215M)
current process WorkingSet (physical memory assigned to process): 559M, peak: 559M
current process commit charge ("private bytes"): 604M, peak: 952M

vm_info: Java HotSpot(TM) 64-Bit Server VM (17+35-LTS-2724) for windows-amd64 JRE (17+35-LTS-2724), built on Aug  5 2021 23:28:28 by "mach5one" with MS VC++ 16.8 (VS2019)

END.
